
	dino1.ppm... DONE! (195 nodes)... WRITTEN!
	DINO0007.ppm... DONE! (13 nodes)... WRITTEN!
	DINO0008.ppm... DONE! (17 nodes)... WRITTEN!
	DINO0009.ppm... DONE! (24 nodes)... WRITTEN!
	models\ALIEN\ALIEN0001.ppm... DONE! (15 nodes)... WRITTEN!
	models\ALIEN\ALIEN0002.ppm... DONE! (32 nodes)... WRITTEN!
	models\ALIEN\ALIEN0003.ppm... DONE! (28 nodes)... WRITTEN!
	kangaskel.ppm... DONE! (12 nodes)... WRITTEN!
	models/ALIEN/ALIEN0001.ppm... DONE! (15 nodes)... WRITTEN!
	models/ALIEN/ALIEN0002.ppm... DONE! (34 nodes)... WRITTEN!
	models/ALIEN/ALIEN0003.ppm... DONE! (28 nodes)... WRITTEN!
	models/ALIEN/ALIEN0004.ppm... DONE! (23 nodes)... WRITTEN!
	models/ALIEN/ALIEN0005.ppm... DONE! (21 nodes)... WRITTEN!
	models/ALIEN/ALIEN0006.ppm... DONE! (19 nodes)... WRITTEN!
	models/ALIEN/ALIEN0007.ppm... DONE! (36 nodes)... WRITTEN!
	models/ALIEN/ALIEN0008.ppm... DONE! (21 nodes)... WRITTEN!
	models/ALIEN/ALIEN0009.ppm... DONE! (29 nodes)... WRITTEN!
	models/ALIEN/ALIEN0010.ppm... DONE! (26 nodes)... WRITTEN!
	models/ALIEN/ALIEN0011.ppm... DONE! (37 nodes)... WRITTEN!
	models/ALIEN/ALIEN0012.ppm... DONE! (24 nodes)... WRITTEN!
	models/ALIEN/ALIEN0013.ppm... DONE! (32 nodes)... WRITTEN!
	models/ALIEN/ALIEN0014.ppm... DONE! (20 nodes)... WRITTEN!
	models/ALIEN/ALIEN0015.ppm... DONE! (19 nodes)... WRITTEN!
	models/ALIEN/ALIEN0016.ppm... DONE! (19 nodes)... WRITTEN!
	models/ALIEN/ALIEN0017.ppm... DONE! (14 nodes)... WRITTEN!
	models/ALIEN/ALIEN0018.ppm... DONE! (26 nodes)... WRITTEN!
	models/ALIEN/ALIEN0019.ppm... DONE! (18 nodes)... WRITTEN!
	models/ALIEN/ALIEN0020.ppm... DONE! (26 nodes)... WRITTEN!
	models/ALIEN/ALIEN0021.ppm... DONE! (33 nodes)... WRITTEN!
	models/ALIEN/ALIEN0022.ppm... DONE! (20 nodes)... WRITTEN!
	models/ALIEN/ALIEN0023.ppm... DONE! (22 nodes)... WRITTEN!
	models/ALIEN/ALIEN0024.ppm... DONE! (29 nodes)... WRITTEN!
	models/ALIEN/ALIEN0025.ppm... DONE! (24 nodes)... WRITTEN!
	models/ALIEN/ALIEN0026.ppm... DONE! (28 nodes)... WRITTEN!
	models/ALIEN/ALIEN0027.ppm... DONE! (23 nodes)... WRITTEN!
	models/ALIEN/ALIEN0028.ppm... DONE! (38 nodes)... WRITTEN!
	models/ALIEN/ALIEN0029.ppm... DONE! (25 nodes)... WRITTEN!
	models/ALIEN/ALIEN0030.ppm... DONE! (24 nodes)... WRITTEN!
	models/ALIEN/ALIEN0031.ppm... DONE! (34 nodes)... WRITTEN!
	models/ALIEN/ALIEN0032.ppm... DONE! (24 nodes)... WRITTEN!
	models/ALIEN/ALIEN0033.ppm... DONE! (12 nodes)... WRITTEN!
	models/ALIEN/ALIEN0034.ppm... DONE! (30 nodes)... WRITTEN!
	models/ALIEN/ALIEN0035.ppm... DONE! (17 nodes)... WRITTEN!
	models/ALIEN/ALIEN0036.ppm... DONE! (17 nodes)... WRITTEN!
	models/ALIEN/ALIEN0037.ppm... DONE! (25 nodes)... WRITTEN!
	models/ALIEN/ALIEN0038.ppm... DONE! (19 nodes)... WRITTEN!
	models/ALIEN/ALIEN0039.ppm... DONE! (35 nodes)... WRITTEN!
	models/ALIEN/ALIEN0040.ppm... DONE! (22 nodes)... WRITTEN!
	models/ALIEN/ALIEN0041.ppm... DONE! (21 nodes)... WRITTEN!
	models/ALIEN/ALIEN0042.ppm... DONE! (43 nodes)... WRITTEN!
	models/ALIEN/ALIEN0043.ppm... DONE! (21 nodes)... WRITTEN!
	models/ALIEN/ALIEN0044.ppm... DONE! (22 nodes)... WRITTEN!
	models/ALIEN/ALIEN0045.ppm... DONE! (20 nodes)... WRITTEN!
	models/ALIEN/ALIEN0046.ppm... DONE! (21 nodes)... WRITTEN!
	models/ALIEN/ALIEN0047.ppm... DONE! (19 nodes)... WRITTEN!
	models/ALIEN/ALIEN0048.ppm... DONE! (23 nodes)... WRITTEN!
	models/ALIEN/ALIEN0049.ppm... DONE! (18 nodes)... WRITTEN!
	models/ALIEN/ALIEN0050.ppm... DONE! (18 nodes)... WRITTEN!
	models/ALIEN/ALIEN0051.ppm... DONE! (20 nodes)... WRITTEN!
	models/ALIEN/ALIEN0052.ppm... DONE! (26 nodes)... WRITTEN!
	models/ALIEN/ALIEN0053.ppm... DONE! (21 nodes)... WRITTEN!
	models/ALIEN/ALIEN0054.ppm... DONE! (19 nodes)... WRITTEN!
	models/ALIEN/ALIEN0055.ppm... DONE! (19 nodes)... WRITTEN!
	models/ALIEN/ALIEN0056.ppm... DONE! (20 nodes)... WRITTEN!
	models/ALIEN/ALIEN0057.ppm... DONE! (21 nodes)... WRITTEN!
	models/ALIEN/ALIEN0058.ppm... DONE! (20 nodes)... WRITTEN!
	models/ALIEN/ALIEN0059.ppm... DONE! (21 nodes)... WRITTEN!
	models/ALIEN/ALIEN0060.ppm... DONE! (44 nodes)... WRITTEN!
	models/ALIEN/ALIEN0061.ppm... DONE! (17 nodes)... WRITTEN!
	models/ALIEN/ALIEN0062.ppm... DONE! (24 nodes)... WRITTEN!
	models/ALIEN/ALIEN0063.ppm... DONE! (26 nodes)... WRITTEN!
	models/ALIEN/ALIEN0064.ppm... DONE! (15 nodes)... WRITTEN!
	models/ALIEN/ALIEN0065.ppm... DONE! (22 nodes)... WRITTEN!
	models/ALIEN/ALIEN0066.ppm... DONE! (21 nodes)... WRITTEN!
	models/ALIEN/ALIEN0067.ppm... DONE! (34 nodes)... WRITTEN!
	models/ALIEN/ALIEN0068.ppm... DONE! (26 nodes)... WRITTEN!
	models/ALIEN/ALIEN0069.ppm... DONE! (20 nodes)... WRITTEN!
	models/ALIEN/ALIEN0070.ppm... DONE! (19 nodes)... WRITTEN!
	models/ALIEN/ALIEN0071.ppm... DONE! (20 nodes)... WRITTEN!
	models/ALIEN/ALIEN0072.ppm... DONE! (21 nodes)... WRITTEN!
	models/ALIEN/ALIEN0073.ppm... DONE! (22 nodes)... WRITTEN!
	models/ALIEN/ALIEN0074.ppm... DONE! (24 nodes)... WRITTEN!
	models/ALIEN/ALIEN0075.ppm... DONE! (29 nodes)... WRITTEN!
	models/ALIEN/ALIEN0076.ppm... 
	models/BAT/BAT0001.ppm... DONE! (6 nodes)... WRITTEN!
	models/BAT/BAT0002.ppm... DONE! (5 nodes)... WRITTEN!
	models/BAT/BAT0003.ppm... DONE! (6 nodes)... WRITTEN!
	models/BAT/BAT0004.ppm... DONE! (6 nodes)... WRITTEN!
	models/BAT/BAT0005.ppm... DONE! (5 nodes)... WRITTEN!
	models/BAT/BAT0006.ppm... DONE! (5 nodes)... WRITTEN!
	models/BAT/BAT0007.ppm... DONE! (5 nodes)... WRITTEN!
	models/BAT/BAT0008.ppm... DONE! (5 nodes)... WRITTEN!
	models/BAT/BAT0009.ppm... DONE! (7 nodes)... WRITTEN!
	models/BAT/BAT0010.ppm... DONE! (7 nodes)... WRITTEN!
	models/BAT/BAT0011.ppm... DONE! (7 nodes)... WRITTEN!
	models/BAT/BAT0012.ppm... DONE! (8 nodes)... WRITTEN!
	models/BAT/BAT0013.ppm... DONE! (6 nodes)... WRITTEN!
	models/BAT/BAT0014.ppm... DONE! (7 nodes)... WRITTEN!
	models/BAT/BAT0015.ppm... DONE! (11 nodes)... WRITTEN!
	models/BAT/BAT0016.ppm... DONE! (6 nodes)... WRITTEN!
	models/BAT/BAT0017.ppm... DONE! (7 nodes)... WRITTEN!
	models/BAT/BAT0018.ppm... DONE! (4 nodes)... WRITTEN!
	models/BAT/BAT0019.ppm... DONE! (7 nodes)... WRITTEN!
	models/BAT/BAT0020.ppm... DONE! (8 nodes)... WRITTEN!
	models/BAT/BAT0021.ppm... DONE! (5 nodes)... WRITTEN!
	models/BAT/BAT0022.ppm... DONE! (8 nodes)... WRITTEN!
	models/BAT/BAT0023.ppm... DONE! (12 nodes)... WRITTEN!
	models/BAT/BAT0024.ppm... DONE! (9 nodes)... WRITTEN!
	models/BAT/BAT0025.ppm... DONE! (9 nodes)... WRITTEN!
	models/BAT/BAT0026.ppm... DONE! (6 nodes)... WRITTEN!
	models/BAT/BAT0027.ppm... DONE! (9 nodes)... WRITTEN!
	models/BAT/BAT0028.ppm... DONE! (9 nodes)... WRITTEN!
	models/BAT/BAT0029.ppm... DONE! (9 nodes)... WRITTEN!
	models/BAT/BAT0030.ppm... DONE! (9 nodes)... WRITTEN!
	models/BAT/BAT0031.ppm... DONE! (9 nodes)... WRITTEN!
	models/BAT/BAT0032.ppm... DONE! (8 nodes)... WRITTEN!
	models/BAT/BAT0033.ppm... DONE! (4 nodes)... WRITTEN!
	models/BAT/BAT0034.ppm... DONE! (9 nodes)... WRITTEN!
	models/BAT/BAT0035.ppm... DONE! (5 nodes)... WRITTEN!
	models/BAT/BAT0036.ppm... DONE! (4 nodes)... WRITTEN!
	models/BAT/BAT0037.ppm... DONE! (9 nodes)... WRITTEN!
	models/BAT/BAT0038.ppm... DONE! (7 nodes)... WRITTEN!
	models/BAT/BAT0039.ppm... DONE! (8 nodes)... WRITTEN!
	models/BAT/BAT0040.ppm... DONE! (8 nodes)... WRITTEN!
	models/BAT/BAT0041.ppm... DONE! (9 nodes)... WRITTEN!
	models/BAT/BAT0042.ppm... DONE! (9 nodes)... WRITTEN!
	models/BAT/BAT0043.ppm... DONE! (8 nodes)... WRITTEN!
	models/BAT/BAT0044.ppm... DONE! (8 nodes)... WRITTEN!
	models/BAT/BAT0045.ppm... DONE! (6 nodes)... WRITTEN!
	models/BAT/BAT0046.ppm... DONE! (8 nodes)... WRITTEN!
	models/BAT/BAT0047.ppm... DONE! (8 nodes)... WRITTEN!
	models/BAT/BAT0048.ppm... DONE! (7 nodes)... WRITTEN!
	models/BAT/BAT0049.ppm... DONE! (8 nodes)... WRITTEN!
	models/BAT/BAT0050.ppm... DONE! (6 nodes)... WRITTEN!
	models/BAT/BAT0051.ppm... DONE! (7 nodes)... WRITTEN!
	models/BAT/BAT0052.ppm... DONE! (8 nodes)... WRITTEN!
	models/BAT/BAT0053.ppm... DONE! (7 nodes)... WRITTEN!
	models/BAT/BAT0054.ppm... DONE! (6 nodes)... WRITTEN!
	models/BAT/BAT0055.ppm... DONE! (8 nodes)... WRITTEN!
	models/BAT/BAT0056.ppm... DONE! (5 nodes)... WRITTEN!
	models/BAT/BAT0057.ppm... DONE! (7 nodes)... WRITTEN!
	models/BAT/BAT0058.ppm... DONE! (6 nodes)... WRITTEN!
	models/BAT/BAT0059.ppm... DONE! (7 nodes)... WRITTEN!
	models/BAT/BAT0060.ppm... DONE! (8 nodes)... WRITTEN!
	models/BAT/BAT0061.ppm... DONE! (5 nodes)... WRITTEN!
	models/BAT/BAT0062.ppm... DONE! (5 nodes)... WRITTEN!
	models/BAT/BAT0063.ppm... DONE! (5 nodes)... WRITTEN!
	models/BAT/BAT0064.ppm... DONE! (5 nodes)... WRITTEN!
	models/BAT/BAT0065.ppm... DONE! (6 nodes)... WRITTEN!
	models/BAT/BAT0066.ppm... DONE! (6 nodes)... WRITTEN!
	models/BAT/BAT0067.ppm... DONE! (8 nodes)... WRITTEN!
	models/BAT/BAT0068.ppm... DONE! (7 nodes)... WRITTEN!
	models/BAT/BAT0069.ppm... DONE! (6 nodes)... WRITTEN!
	models/BAT/BAT0070.ppm... DONE! (15 nodes)... WRITTEN!
	models/BAT/BAT0071.ppm... DONE! (9 nodes)... WRITTEN!
	models/BAT/BAT0072.ppm... DONE! (7 nodes)... WRITTEN!
	models/BAT/BAT0073.ppm... DONE! (7 nodes)... WRITTEN!
	models/BAT/BAT0074.ppm... DONE! (6 nodes)... WRITTEN!
	models/BAT/BAT0075.ppm... DONE! (7 nodes)... WRITTEN!
	models/BAT/BAT0076.ppm... DONE! (7 nodes)... WRITTEN!
	models/BAT/BAT0077.ppm... DONE! (5 nodes)... WRITTEN!
	models/BAT/BAT0078.ppm... DONE! (5 nodes)... WRITTEN!
	models/BAT/BAT0079.ppm... DONE! (5 nodes)... WRITTEN!
	models/BAT/BAT0080.ppm... DONE! (5 nodes)... WRITTEN!
	models/BAT/BAT0081.ppm... DONE! (6 nodes)... WRITTEN!
	models/BAT/BAT0082.ppm... DONE! (9 nodes)... WRITTEN!
	models/BAT/BAT0083.ppm... DONE! (5 nodes)... WRITTEN!
	models/BAT/BAT0084.ppm... DONE! (4 nodes)... WRITTEN!
	models/BAT/BAT0085.ppm... DONE! (9 nodes)... WRITTEN!
	models/BAT/BAT0086.ppm... DONE! (8 nodes)... WRITTEN!
	models/BAT/BAT0087.ppm... DONE! (9 nodes)... WRITTEN!
	models/BAT/BAT0088.ppm... DONE! (9 nodes)... WRITTEN!
	models/BAT/BAT0089.ppm... DONE! (9 nodes)... WRITTEN!
	models/BAT/BAT0090.ppm... DONE! (9 nodes)... WRITTEN!
	models/BAT/BAT0091.ppm... DONE! (9 nodes)... WRITTEN!
	models/BAT/BAT0092.ppm... DONE! (6 nodes)... WRITTEN!
	models/BAT/BAT0093.ppm... DONE! (5 nodes)... WRITTEN!
	models/BAT/BAT0094.ppm... DONE! (9 nodes)... WRITTEN!
	models/BAT/BAT0095.ppm... DONE! (8 nodes)... WRITTEN!
	models/BAT/BAT0096.ppm... DONE! (7 nodes)... WRITTEN!
	models/BAT/BAT0097.ppm... DONE! (4 nodes)... WRITTEN!
	models/BAT/BAT0098.ppm... DONE! (4 nodes)... WRITTEN!
	models/BAT/BAT0099.ppm... DONE! (5 nodes)... WRITTEN!
	models/BAT/BAT0100.ppm... DONE! (9 nodes)... WRITTEN!
	models/BAT/BAT0101.ppm... DONE! (6 nodes)... WRITTEN!
	models/BAT/BAT0102.ppm... DONE! (6 nodes)... WRITTEN!
	models/BAT/BAT0103.ppm... DONE! (5 nodes)... WRITTEN!
	models/BAT/BAT0104.ppm... DONE! (9 nodes)... WRITTEN!
	models/BAT/BAT0105.ppm... DONE! (9 nodes)... WRITTEN!
	models/BAT/BAT0106.ppm... DONE! (4 nodes)... WRITTEN!
	models/BAT/BAT0107.ppm... DONE! (9 nodes)... WRITTEN!
	models/BAT/BAT0108.ppm... DONE! (9 nodes)... WRITTEN!
	models/BAT/BAT0109.ppm... DONE! (9 nodes)... WRITTEN!
	models/BAT/BAT0110.ppm... DONE! (9 nodes)... WRITTEN!
	models/BAT/BAT0111.ppm... DONE! (8 nodes)... WRITTEN!
	models/BAT/BAT0112.ppm... DONE! (7 nodes)... WRITTEN!
	models/BAT/BAT0113.ppm... DONE! (6 nodes)... WRITTEN!
	models/BAT/BAT0114.ppm... DONE! (7 nodes)... WRITTEN!
	models/BAT/BAT0115.ppm... DONE! (6 nodes)... WRITTEN!
	models/BAT/BAT0116.ppm... DONE! (6 nodes)... WRITTEN!
	models/BAT/BAT0117.ppm... DONE! (5 nodes)... WRITTEN!
	models/BAT/BAT0118.ppm... DONE! (5 nodes)... WRITTEN!
	models/BAT/BAT0119.ppm... DONE! (5 nodes)... WRITTEN!
	models/BAT/BAT0120.ppm... DONE! (5 nodes)... WRITTEN!
	models/BAT/BAT0121.ppm... DONE! (5 nodes)... WRITTEN!
	models/BAT/BAT0122.ppm... DONE! (7 nodes)... WRITTEN!
	models/BAT/BAT0123.ppm... DONE! (5 nodes)... WRITTEN!
	models/BAT/BAT0124.ppm... DONE! (6 nodes)... WRITTEN!
	models/BAT/BAT0125.ppm... DONE! (7 nodes)... WRITTEN!
	models/BAT/BAT0126.ppm... DONE! (5 nodes)... WRITTEN!
	models/BAT/BAT0127.ppm... DONE! (6 nodes)... WRITTEN!
	models/BAT/BAT0128.ppm... DONE! (6 nodes)... WRITTEN!
	models/umbrella/umbrella0001.ppm... DONE! (89 nodes)... WRITTEN!
	models/umbrella/umbrella0002.ppm... DONE! (88 nodes)... WRITTEN!
	models/umbrella/umbrella0003.ppm... DONE! (103 nodes)... WRITTEN!
	models/umbrella/umbrella0004.ppm... DONE! (132 nodes)... WRITTEN!
	models/umbrella/umbrella0005.ppm... DONE! (46 nodes)... WRITTEN!
	models/umbrella/umbrella0006.ppm... 
	C:/Users/Candace/Box/Research/REUs/SURIEM/SURIEM2020-EmbeddedGraphs/images/Ornithiscians/Albertaceratops.ppm... DONE! (65 nodes)... WRITTEN!
	C:/Users/Candace/Box/Research/REUs/SURIEM/SURIEM2020-EmbeddedGraphs/images/Ornithiscians/Avaceratops.ppm... 
	C:/Users/Candace/Box/Research/REUs/SURIEM/SURIEM2020-EmbeddedGraphs/images/Ornithiscians/Albertaceratops.ppm... DONE! (65 nodes)... WRITTEN!
	C:/Users/Candace/Box/Research/REUs/SURIEM/SURIEM2020-EmbeddedGraphs/images/Ornithiscians/Avaceratops.ppm... 
	C:/Users/Candace/Box/Research/REUs/SURIEM/SURIEM2020-EmbeddedGraphs/images/Ornithiscians/Albertaceratops.ppm... DONE! (65 nodes)... WRITTEN!
	C:/Users/Candace/Box/Research/REUs/SURIEM/SURIEM2020-EmbeddedGraphs/images/Ornithiscians/Avaceratops.ppm... 
	C:/Users/Candace/Box/Research/REUs/SURIEM/SURIEM2020-EmbeddedGraphs/images/Ornithiscians/Albertaceratops.ppm... DONE! (65 nodes)... WRITTEN!
	C:/Users/Candace/Box/Research/REUs/SURIEM/SURIEM2020-EmbeddedGraphs/images/Ornithiscians/Avaceratops.ppm... 
	C:/Users/Candace/Box/Research/REUs/SURIEM/SURIEM2020-EmbeddedGraphs/images/Ornithiscians/Albertaceratops.ppm... DONE! (65 nodes)... WRITTEN!
	C:/Users/Candace/Box/Research/REUs/SURIEM/SURIEM2020-EmbeddedGraphs/images/Ornithiscians/Avaceratops.ppm... 
	C:/Users/Candace/Box/Research/REUs/SURIEM/SURIEM2020-EmbeddedGraphs/images/Ornithiscians/Albertaceratops.ppm... DONE! (65 nodes)... WRITTEN!
	C:/Users/Candace/Box/Research/REUs/SURIEM/SURIEM2020-EmbeddedGraphs/images/Ornithiscians/Avaceratops.ppm... 
	C:/Users/Candace/Box/Research/REUs/SURIEM/SURIEM2020-EmbeddedGraphs/images/Ornithiscians/Albertaceratops.ppm... DONE! (65 nodes)... WRITTEN!
	C:/Users/Candace/Box/Research/REUs/SURIEM/SURIEM2020-EmbeddedGraphs/images/Ornithiscians/Avaceratops.ppm... 